Base path: 'C:/Program Files/Unity/Hub/Editor/2019.3.12f1/Editor/Data', plugins path 'C:/Program Files/Unity/Hub/Editor/2019.3.12f1/Editor/Data/PlaybackEngines'
Cmd: initializeCompiler
Cmd: preprocessCompute
  insize=6739 outsize=6741 ok=1
Cmd: preprocessCompute
  insize=8038 outsize=8040 ok=1
Cmd: preprocess
  insize=37492 outsize=586 ok=1
Cmd: preprocessCompute
  insize=7013 outsize=7015 ok=1
Cmd: preprocess
  insize=39263 outsize=587 ok=1
Cmd: preprocessCompute
  insize=8287 outsize=8289 ok=1
Cmd: preprocess
  insize=39586 outsize=585 ok=1
Cmd: preprocessCompute
  insize=6624 outsize=6626 ok=1
Cmd: preprocessCompute
  insize=5792 outsize=5794 ok=1
Cmd: preprocessCompute
  insize=5806 outsize=5808 ok=1
Cmd: preprocessCompute
  insize=6628 outsize=6630 ok=1
Cmd: preprocess
  insize=38766 outsize=585 ok=1
Cmd: preprocessCompute
  insize=6788 outsize=6790 ok=1
Cmd: preprocessCompute
  insize=7980 outsize=7982 ok=1
Cmd: preprocess
  insize=37418 outsize=586 ok=1
Cmd: preprocessCompute
  insize=7126 outsize=7128 ok=1
Cmd: preprocess
  insize=39204 outsize=586 ok=1
Cmd: preprocessCompute
  insize=8254 outsize=8256 ok=1
Cmd: preprocess
  insize=39524 outsize=586 ok=1
Cmd: preprocessCompute
  insize=6691 outsize=6693 ok=1
Cmd: preprocessCompute
  insize=5792 outsize=5794 ok=1
Cmd: preprocessCompute
  insize=5806 outsize=5808 ok=1
Cmd: preprocessCompute
  insize=6695 outsize=6697 ok=1
Cmd: preprocess
  insize=38728 outsize=584 ok=1
Cmd: preprocessCompute
  insize=6788 outsize=6790 ok=1
Cmd: preprocessCompute
  insize=7980 outsize=7982 ok=1
Cmd: preprocess
  insize=37418 outsize=586 ok=1
Cmd: preprocessCompute
  insize=7126 outsize=7128 ok=1
Cmd: preprocess
  insize=39204 outsize=586 ok=1
Cmd: preprocessCompute
  insize=8254 outsize=8256 ok=1
Cmd: preprocess
  insize=39524 outsize=586 ok=1
Cmd: preprocessCompute
  insize=6691 outsize=6693 ok=1
Cmd: preprocessCompute
  insize=5792 outsize=5794 ok=1
Cmd: preprocessCompute
  insize=5806 outsize=5808 ok=1
Cmd: preprocessCompute
  insize=6695 outsize=6697 ok=1
Cmd: preprocess
  insize=38728 outsize=584 ok=1
Cmd: preprocessCompute
  insize=6788 outsize=6790 ok=1
Cmd: preprocessCompute
  insize=7980 outsize=7982 ok=1
Cmd: preprocess
  insize=37418 outsize=586 ok=1
Cmd: preprocessCompute
  insize=7126 outsize=7128 ok=1
Cmd: preprocess
  insize=39204 outsize=586 ok=1
Cmd: preprocessCompute
  insize=8254 outsize=8256 ok=1
Cmd: preprocess
  insize=39524 outsize=586 ok=1
Cmd: preprocessCompute
  insize=6691 outsize=6693 ok=1
Cmd: preprocessCompute
  insize=5792 outsize=5794 ok=1
Cmd: preprocessCompute
  insize=5806 outsize=5808 ok=1
Cmd: preprocessCompute
  insize=6695 outsize=6697 ok=1
Cmd: preprocess
  insize=38728 outsize=584 ok=1
Cmd: compileSnippet
  api=9 type=0 insize=22564 outsize=6973 kw= pd=UNITY_NO_DXT5nm UNITY_NO_RGBM UNITY_ENABLE_REFLECTION_BUFFERS UNITY_FRAMEBUFFER_FETCH_AVAILABLE UNITY_NO_CUBEMAP_ARRAY UNITY_NO_SCREENSPACE_SHADOWS UNITY_PBS_USE_BRDF2 SHADER_API_MOBILE UNITY_HARDWARE_TIER2 UNITY_COLORSPACE_GAMMA UNITY_LIGHTMAP_DLDR_ENCODING ok=1
Cmd: preprocessCompute
  insize=6788 outsize=6790 ok=1
Cmd: preprocessCompute
  insize=7980 outsize=7982 ok=1
Cmd: preprocess
  insize=37418 outsize=586 ok=1
Cmd: preprocessCompute
  insize=7126 outsize=7128 ok=1
Cmd: preprocess
  insize=39204 outsize=586 ok=1
Cmd: preprocessCompute
  insize=8254 outsize=8256 ok=1
Cmd: preprocess
  insize=39524 outsize=586 ok=1
Cmd: preprocessCompute
  insize=6691 outsize=6693 ok=1
Cmd: preprocessCompute
  insize=5792 outsize=5794 ok=1
Cmd: preprocessCompute
  insize=5806 outsize=5808 ok=1
Cmd: preprocessCompute
  insize=6695 outsize=6697 ok=1
Cmd: preprocess
  insize=38728 outsize=584 ok=1
Cmd: preprocessCompute
  insize=6788 outsize=6790 ok=1
Cmd: preprocessCompute
  insize=7980 outsize=7982 ok=1
Cmd: preprocess
  insize=37482 outsize=615 ok=1
Cmd: preprocessCompute
  insize=7126 outsize=7128 ok=1
Cmd: preprocess
  insize=39204 outsize=586 ok=1
Cmd: preprocessCompute
  insize=8254 outsize=8256 ok=1
Cmd: preprocess
  insize=39524 outsize=586 ok=1
Cmd: preprocessCompute
  insize=6691 outsize=6693 ok=1
Cmd: preprocessCompute
  insize=5792 outsize=5794 ok=1
Cmd: preprocessCompute
  insize=5806 outsize=5808 ok=1
Cmd: preprocessCompute
  insize=6695 outsize=6697 ok=1
Cmd: preprocess
  insize=38728 outsize=584 ok=1
Cmd: preprocessCompute
  insize=6788 outsize=6790 ok=1
Cmd: preprocessCompute
  insize=7980 outsize=7982 ok=1
Cmd: preprocess
  insize=37482 outsize=615 ok=1
Cmd: preprocessCompute
  insize=7126 outsize=7128 ok=1
Cmd: preprocess
  insize=39204 outsize=586 ok=1
Cmd: preprocessCompute
  insize=8254 outsize=8256 ok=1
Cmd: preprocess
  insize=39588 outsize=614 ok=1
Cmd: preprocessCompute
  insize=6691 outsize=6693 ok=1
Cmd: preprocessCompute
  insize=5792 outsize=5794 ok=1
Cmd: preprocessCompute
  insize=5806 outsize=5808 ok=1
Cmd: preprocessCompute
  insize=6695 outsize=6697 ok=1
Cmd: preprocess
  insize=38728 outsize=584 ok=1
Cmd: preprocessCompute
  insize=6788 outsize=6790 ok=1
Cmd: preprocessCompute
  insize=7980 outsize=7982 ok=1
Cmd: preprocess
  insize=37482 outsize=615 ok=1
Cmd: preprocessCompute
  insize=7126 outsize=7128 ok=1
Cmd: preprocess
  insize=39204 outsize=586 ok=1
Cmd: preprocessCompute
  insize=8254 outsize=8256 ok=1
Cmd: preprocess
  insize=39748 outsize=615 ok=1
Cmd: preprocessCompute
  insize=6691 outsize=6693 ok=1
Cmd: preprocessCompute
  insize=5792 outsize=5794 ok=1
Cmd: preprocessCompute
  insize=5806 outsize=5808 ok=1
Cmd: preprocessCompute
  insize=6695 outsize=6697 ok=1
Cmd: preprocess
  insize=38728 outsize=584 ok=1
Cmd: preprocessCompute
  insize=6788 outsize=6790 ok=1
Cmd: preprocessCompute
  insize=7980 outsize=7982 ok=1
Cmd: preprocess
  insize=37482 outsize=615 ok=1
Cmd: preprocessCompute
  insize=7126 outsize=7128 ok=1
Cmd: preprocess
  insize=39364 outsize=587 ok=1
Cmd: preprocessCompute
  insize=8254 outsize=8256 ok=1
Cmd: preprocess
  insize=39748 outsize=615 ok=1
Cmd: preprocessCompute
  insize=6691 outsize=6693 ok=1
Cmd: preprocessCompute
  insize=5792 outsize=5794 ok=1
Cmd: preprocessCompute
  insize=5806 outsize=5808 ok=1
Cmd: preprocessCompute
  insize=6695 outsize=6697 ok=1
Cmd: preprocess
  insize=38728 outsize=584 ok=1
Cmd: preprocessCompute
  insize=6788 outsize=6790 ok=1
Cmd: preprocessCompute
  insize=7980 outsize=7982 ok=1
Cmd: preprocess
  insize=37482 outsize=615 ok=1
Cmd: preprocessCompute
  insize=7126 outsize=7128 ok=1
Cmd: preprocess
  insize=39428 outsize=615 ok=1
Cmd: preprocessCompute
  insize=8254 outsize=8256 ok=1
Cmd: preprocess
  insize=39748 outsize=615 ok=1
Cmd: preprocessCompute
  insize=6691 outsize=6693 ok=1
Cmd: preprocessCompute
  insize=5792 outsize=5794 ok=1
Cmd: preprocessCompute
  insize=5806 outsize=5808 ok=1
Cmd: preprocessCompute
  insize=6695 outsize=6697 ok=1
Cmd: preprocess
  insize=38728 outsize=584 ok=1
Cmd: preprocessCompute
  insize=6788 outsize=6790 ok=1
Cmd: preprocessCompute
  insize=7980 outsize=7982 ok=1
Cmd: preprocess
  insize=37482 outsize=615 ok=1
Cmd: preprocessCompute
  insize=7126 outsize=7128 ok=1
Cmd: preprocess
  insize=39428 outsize=615 ok=1
Cmd: preprocessCompute
  insize=8254 outsize=8256 ok=1
Cmd: preprocess
  insize=39748 outsize=615 ok=1
Cmd: preprocessCompute
  insize=6691 outsize=6693 ok=1
Cmd: preprocessCompute
  insize=5792 outsize=5794 ok=1
Cmd: preprocessCompute
  insize=5806 outsize=5808 ok=1
Cmd: preprocessCompute
  insize=6695 outsize=6697 ok=1
Cmd: preprocess
  insize=38792 outsize=615 ok=1
Cmd: preprocessCompute
  insize=6788 outsize=6790 ok=1
Cmd: preprocessCompute
  insize=7980 outsize=7982 ok=1
Cmd: preprocess
  insize=37482 outsize=615 ok=1
Cmd: preprocessCompute
  insize=7126 outsize=7128 ok=1
Cmd: preprocess
  insize=39428 outsize=615 ok=1
Cmd: preprocessCompute
  insize=8254 outsize=8256 ok=1
Cmd: preprocess
  insize=39748 outsize=615 ok=1
Cmd: preprocessCompute
  insize=6691 outsize=6693 ok=1
Cmd: preprocessCompute
  insize=5792 outsize=5794 ok=1
Cmd: preprocessCompute
  insize=5806 outsize=5808 ok=1
Cmd: preprocessCompute
  insize=6695 outsize=6697 ok=1
Cmd: preprocess
  insize=38952 outsize=614 ok=1
Cmd: preprocessCompute
  insize=6788 outsize=6790 ok=1
Cmd: preprocessCompute
  insize=7980 outsize=7982 ok=1
Cmd: preprocess
  insize=37482 outsize=615 ok=1
Cmd: preprocessCompute
  insize=7126 outsize=7128 ok=1
Cmd: preprocess
  insize=39428 outsize=615 ok=1
Cmd: preprocessCompute
  insize=8254 outsize=8256 ok=1
Cmd: preprocess
  insize=39748 outsize=615 ok=1
Cmd: preprocessCompute
  insize=6691 outsize=6693 ok=1
Cmd: preprocessCompute
  insize=5792 outsize=5794 ok=1
Cmd: preprocessCompute
  insize=5806 outsize=5808 ok=1
Cmd: preprocessCompute
  insize=6695 outsize=6697 ok=1
Cmd: preprocess
  insize=38952 outsize=614 ok=1
Cmd: preprocessCompute
  insize=6788 outsize=6790 ok=1
Cmd: preprocessCompute
  insize=7980 outsize=7982 ok=1
Cmd: preprocess
  insize=37482 outsize=615 ok=1
Cmd: preprocessCompute
  insize=7126 outsize=7128 ok=1
Cmd: preprocess
  insize=39428 outsize=615 ok=1
Cmd: preprocessCompute
  insize=8254 outsize=8256 ok=1
Cmd: preprocess
  insize=39748 outsize=615 ok=1
Cmd: preprocessCompute
  insize=6691 outsize=6693 ok=1
Cmd: preprocessCompute
  insize=5792 outsize=5794 ok=1
Cmd: preprocessCompute
  insize=5806 outsize=5808 ok=1
Cmd: preprocessCompute
  insize=6695 outsize=6697 ok=1
Cmd: preprocess
  insize=38952 outsize=614 ok=1
Cmd: preprocessCompute
  insize=6788 outsize=6790 ok=1
Cmd: preprocessCompute
  insize=7980 outsize=7982 ok=1
Cmd: preprocess
  insize=37482 outsize=615 ok=1
Cmd: preprocessCompute
  insize=7126 outsize=7128 ok=1
Cmd: preprocess
  insize=39428 outsize=615 ok=1
Cmd: preprocessCompute
  insize=8254 outsize=8256 ok=1
Cmd: preprocess
  insize=39748 outsize=615 ok=1
Cmd: preprocessCompute
  insize=6691 outsize=6693 ok=1
Cmd: preprocessCompute
  insize=5792 outsize=5794 ok=1
Cmd: preprocessCompute
  insize=5806 outsize=5808 ok=1
Cmd: preprocessCompute
  insize=6695 outsize=6697 ok=1
Cmd: preprocess
  insize=38952 outsize=614 ok=1
Cmd: preprocessCompute
  insize=6739 outsize=6741 ok=1
Cmd: preprocessCompute
  insize=8038 outsize=8040 ok=1
Cmd: preprocess
  insize=37556 outsize=613 ok=1
Cmd: preprocessCompute
  insize=7013 outsize=7015 ok=1
Cmd: preprocess
  insize=39487 outsize=615 ok=1
Cmd: preprocessCompute
  insize=8287 outsize=8289 ok=1
Cmd: preprocess
  insize=39810 outsize=614 ok=1
Cmd: preprocessCompute
  insize=6624 outsize=6626 ok=1
Cmd: preprocessCompute
  insize=5792 outsize=5794 ok=1
Cmd: preprocessCompute
  insize=5806 outsize=5808 ok=1
Cmd: preprocessCompute
  insize=6628 outsize=6630 ok=1
Cmd: preprocess
  insize=38990 outsize=615 ok=1
Cmd: preprocessCompute
  insize=6739 outsize=6741 ok=1
Cmd: preprocessCompute
  insize=8038 outsize=8040 ok=1
Cmd: preprocess
  insize=37556 outsize=613 ok=1
Cmd: preprocessCompute
  insize=7013 outsize=7015 ok=1
Cmd: preprocess
  insize=39487 outsize=615 ok=1
Cmd: preprocessCompute
  insize=8287 outsize=8289 ok=1
Cmd: preprocess
  insize=39810 outsize=614 ok=1
Cmd: preprocessCompute
  insize=6624 outsize=6626 ok=1
Cmd: preprocessCompute
  insize=5792 outsize=5794 ok=1
Cmd: preprocessCompute
  insize=5806 outsize=5808 ok=1
Cmd: preprocessCompute
  insize=6628 outsize=6630 ok=1
Cmd: preprocess
  insize=38990 outsize=615 ok=1

Quitting shader compiler process
